<?xml version="1.0" encoding="UTF-8"?>
<testng-results skipped="0" failed="0" ignored="0" total="1" passed="1">
  <reporter-output>
  </reporter-output>
  <suite name="Suite" duration-ms="16991" started-at="2020-08-18T22:14:32 EDT" finished-at="2020-08-18T22:14:49 EDT">
    <groups>
    </groups>
    <test name="Test" duration-ms="16991" started-at="2020-08-18T22:14:32 EDT" finished-at="2020-08-18T22:14:49 EDT">
      <class name="test.First">
        <test-method status="PASS" signature="negativeLogin1()[pri:5, instance:test.First@6fc6f14e]" name="negativeLogin1" duration-ms="16925" started-at="2020-08-18T22:14:32 EDT" finished-at="2020-08-18T22:14:49 EDT">
          <reporter-output>
          </reporter-output>
        </test-method> <!-- negativeLogin1 -->
      </class> <!-- test.First -->
    </test> <!-- Test -->
  </suite> <!-- Suite -->
</testng-results>
